#    1 | steps:    44 | steps_t:     0 | t: 0.180816 | r:  -488.000000 | e:   1.000000 | Q:        nan | won: False 
#    2 | steps:    73 | steps_t:     0 | t: 0.291532 | r:  -451.000000 | e:   1.000000 | Q:        nan | won: False 
#    3 | steps:    98 | steps_t:     0 | t: 0.386813 | r:  -436.000000 | e:   1.000000 | Q:        nan | won: False 
#    4 | steps:   146 | steps_t:     0 | t: 0.565174 | r:  -371.000000 | e:   1.000000 | Q:        nan | won: False 
#    5 | steps:   206 | steps_t:     0 | t: 0.793556 | r:  -438.000000 | e:   1.000000 | Q:        nan | won: False 
#    6 | steps:   300 | steps_t:     0 | t: 1.149513 | r:  -483.000000 | e:   1.000000 | Q:        nan | won: False 
#    7 | steps:   318 | steps_t:     0 | t: 1.217355 | r:  -495.000000 | e:   1.000000 | Q:        nan | won: False 
#    8 | steps:   355 | steps_t:     0 | t: 1.355682 | r:  -448.000000 | e:   1.000000 | Q:        nan | won: False 
#    9 | steps:   397 | steps_t:     0 | t: 1.511678 | r:  -442.000000 | e:   1.000000 | Q:        nan | won: False 
#   10 | steps:   441 | steps_t:     0 | t: 1.682165 | r:  -477.000000 | e:   1.000000 | Q:        nan | won: False 
#   11 | steps:   502 | steps_t:     0 | t: 1.930982 | r:  -417.000000 | e:   1.000000 | Q:        nan | won: False 
#   12 | steps:   642 | steps_t:     0 | t: 2.465140 | r:  -463.000000 | e:   1.000000 | Q:        nan | won: False 
#   13 | steps:   695 | steps_t:     0 | t: 2.672383 | r:  -497.000000 | e:   1.000000 | Q:        nan | won: False 
#   14 | steps:   721 | steps_t:     0 | t: 2.773107 | r:  -481.000000 | e:   1.000000 | Q:        nan | won: False 
#   15 | steps:   761 | steps_t:     0 | t: 2.920207 | r:  -484.000000 | e:   1.000000 | Q:        nan | won: False 
#   16 | steps:   774 | steps_t:     0 | t: 2.971233 | r:  -457.000000 | e:   1.000000 | Q:        nan | won: False 
#   17 | steps:   804 | steps_t:     0 | t: 3.082756 | r:  -452.000000 | e:   1.000000 | Q:        nan | won: False 
#   18 | steps:   885 | steps_t:     0 | t: 3.396222 | r:  -492.000000 | e:   1.000000 | Q:        nan | won: False 
#   19 | steps:   934 | steps_t:     0 | t: 3.585137 | r:  -482.000000 | e:   1.000000 | Q:        nan | won: False 
#   20 | steps:   986 | steps_t:     0 | t: 3.791319 | r:  -463.000000 | e:   1.000000 | Q:        nan | won: False 
#   21 | steps:  1011 | steps_t:     0 | t: 3.890193 | r:  -469.000000 | e:   1.000000 | Q:        nan | won: False 
#   22 | steps:  1049 | steps_t:     0 | t: 4.037871 | r:  -482.000000 | e:   1.000000 | Q:        nan | won: False 
#   23 | steps:  1138 | steps_t:     0 | t: 4.420258 | r:  -412.000000 | e:   1.000000 | Q:        nan | won: False 
#   24 | steps:  1156 | steps_t:     0 | t: 4.481326 | r:  -484.000000 | e:   1.000000 | Q:        nan | won: False 
#   25 | steps:  1328 | steps_t:     0 | t: 5.126814 | r:  -352.000000 | e:   1.000000 | Q:        nan | won: False 
#   26 | steps:  1398 | steps_t:     0 | t: 5.383436 | r:  -448.000000 | e:   1.000000 | Q:        nan | won: False 
#   27 | steps:  1469 | steps_t:     0 | t: 5.645475 | r:  -449.000000 | e:   1.000000 | Q:        nan | won: False 
#   28 | steps:  1536 | steps_t:     0 | t: 5.900399 | r:  -412.000000 | e:   1.000000 | Q:        nan | won: False 
#   29 | steps:  1582 | steps_t:     0 | t: 6.077494 | r:  -501.000000 | e:   1.000000 | Q:        nan | won: False 
#   30 | steps:  1634 | steps_t:     0 | t: 6.279577 | r:  -386.000000 | e:   1.000000 | Q:        nan | won: False 
#   31 | steps:  1690 | steps_t:     0 | t: 6.498777 | r:  -500.000000 | e:   1.000000 | Q:        nan | won: False 
#   32 | steps:  1790 | steps_t:     0 | t: 6.877772 | r:  -445.000000 | e:   1.000000 | Q:        nan | won: False 
#   33 | steps:  1903 | steps_t:     0 | t: 7.328429 | r:  -425.000000 | e:   1.000000 | Q:        nan | won: False 
#   34 | steps:  1942 | steps_t:     0 | t: 7.495810 | r:  -428.000000 | e:   1.000000 | Q:        nan | won: False 
#   35 | steps:  1974 | steps_t:     0 | t: 7.627738 | r:  -421.000000 | e:   1.000000 | Q:        nan | won: False 
#   36 | steps:  1987 | steps_t:     0 | t: 7.686805 | r:  -457.000000 | e:   1.000000 | Q:        nan | won: False 
#   37 | steps:  2017 | steps_t:     0 | t: 7.811047 | r:  -485.000000 | e:   1.000000 | Q:        nan | won: False 
#   38 | steps:  2051 | steps_t:     0 | t: 7.940138 | r:  -489.000000 | e:   1.000000 | Q:        nan | won: False 
#   39 | steps:  2374 | steps_t:     0 | t: 9.137252 | r:  -525.000000 | e:   1.000000 | Q:        nan | won: False 
#   40 | steps:  2401 | steps_t:     0 | t: 9.248934 | r:  -493.000000 | e:   1.000000 | Q:        nan | won: False 
#   41 | steps:  2451 | steps_t:     0 | t: 9.439121 | r:  -439.000000 | e:   1.000000 | Q:        nan | won: False 
#   42 | steps:  2539 | steps_t:     0 | t: 9.764620 | r:  -521.000000 | e:   1.000000 | Q:        nan | won: False 
#   43 | steps:  2573 | steps_t:     0 | t: 9.899625 | r:  -456.000000 | e:   1.000000 | Q:        nan | won: False 
#   44 | steps:  2650 | steps_t:     0 | t: 10.196121 | r:  -532.000000 | e:   1.000000 | Q:        nan | won: False 
#   45 | steps:  2675 | steps_t:     0 | t: 10.289555 | r:  -469.000000 | e:   1.000000 | Q:        nan | won: False 
#   46 | steps:  2699 | steps_t:     0 | t: 10.380001 | r:  -468.000000 | e:   1.000000 | Q:        nan | won: False 
#   47 | steps:  2786 | steps_t:     0 | t: 10.697482 | r:  -509.000000 | e:   1.000000 | Q:        nan | won: False 
#   48 | steps:  2824 | steps_t:     0 | t: 10.843395 | r:  -460.000000 | e:   1.000000 | Q:        nan | won: False 
#   49 | steps:  3013 | steps_t:     0 | t: 11.605786 | r:  -523.000000 | e:   1.000000 | Q:        nan | won: False 
#   50 | steps:  3045 | steps_t:     0 | t: 11.735343 | r:  -498.000000 | e:   1.000000 | Q:        nan | won: False 
#   51 | steps:  3096 | steps_t:     0 | t: 11.930713 | r:  -473.000000 | e:   1.000000 | Q:        nan | won: False 
#   52 | steps:  3160 | steps_t:     0 | t: 12.173580 | r:  -475.000000 | e:   1.000000 | Q:        nan | won: False 
#   53 | steps:  3266 | steps_t:     0 | t: 12.571011 | r:  -473.000000 | e:   1.000000 | Q:        nan | won: False 
#   54 | steps:  3289 | steps_t:     0 | t: 12.658023 | r:  -478.000000 | e:   1.000000 | Q:        nan | won: False 
#   55 | steps:  3526 | steps_t:     0 | t: 13.529009 | r:  -483.000000 | e:   1.000000 | Q:        nan | won: False 
#   56 | steps:  3667 | steps_t:     0 | t: 14.047680 | r:  -541.000000 | e:   1.000000 | Q:        nan | won: False 
#   57 | steps:  3695 | steps_t:     0 | t: 14.154602 | r:  -483.000000 | e:   1.000000 | Q:        nan | won: False 
#   58 | steps:  3735 | steps_t:     0 | t: 14.304178 | r:  -473.000000 | e:   1.000000 | Q:        nan | won: False 
#   59 | steps:  3783 | steps_t:     0 | t: 14.492401 | r:  -492.000000 | e:   1.000000 | Q:        nan | won: False 
#   60 | steps:  3839 | steps_t:     0 | t: 14.701716 | r:  -511.000000 | e:   1.000000 | Q:        nan | won: False 
#   61 | steps:  3892 | steps_t:     0 | t: 14.902953 | r:  -420.000000 | e:   1.000000 | Q:        nan | won: False 
#   62 | steps:  3955 | steps_t:     0 | t: 15.144742 | r:  -474.000000 | e:   1.000000 | Q:        nan | won: False 
#   63 | steps:  4050 | steps_t:     0 | t: 15.498514 | r:  -484.000000 | e:   1.000000 | Q:        nan | won: False 
#   64 | steps:  4119 | steps_t:     0 | t: 15.779921 | r:  -502.000000 | e:   1.000000 | Q:        nan | won: False 
#   65 | steps:  4141 | steps_t:     0 | t: 15.875977 | r:  -455.000000 | e:   1.000000 | Q:        nan | won: False 
#   66 | steps:  4167 | steps_t:     0 | t: 15.984614 | r:  -470.000000 | e:   1.000000 | Q:        nan | won: False 
#   67 | steps:  4335 | steps_t:     0 | t: 16.619375 | r:  -480.000000 | e:   1.000000 | Q:        nan | won: False 
#   68 | steps:  4407 | steps_t:     0 | t: 16.902371 | r:  -505.000000 | e:   1.000000 | Q:        nan | won: False 
#   69 | steps:  4450 | steps_t:     0 | t: 17.073574 | r:  -366.000000 | e:   1.000000 | Q:        nan | won: False 
#   70 | steps:  4473 | steps_t:     0 | t: 17.162442 | r:  -500.000000 | e:   1.000000 | Q:        nan | won: False 
#   71 | steps:  4492 | steps_t:     0 | t: 17.236111 | r:  -474.000000 | e:   1.000000 | Q:        nan | won: False 
#   72 | steps:  4599 | steps_t:     0 | t: 17.775814 | r:  -397.000000 | e:   1.000000 | Q:        nan | won: False 
#   73 | steps:  4655 | steps_t:     0 | t: 18.013887 | r:  -368.000000 | e:   1.000000 | Q:        nan | won: False 
#   74 | steps:  4695 | steps_t:     0 | t: 18.177272 | r:  -473.000000 | e:   1.000000 | Q:        nan | won: False 
#   75 | steps:  4733 | steps_t:     0 | t: 18.326758 | r:  -493.000000 | e:   1.000000 | Q:        nan | won: False 
#   76 | steps:  4787 | steps_t:     0 | t: 18.526244 | r:  -498.000000 | e:   1.000000 | Q:        nan | won: False 
#   77 | steps:  4822 | steps_t:     0 | t: 18.656211 | r:  -490.000000 | e:   1.000000 | Q:        nan | won: False 
#   78 | steps:  4889 | steps_t:     0 | t: 18.927545 | r:  -500.000000 | e:   1.000000 | Q:        nan | won: False 
#   79 | steps:  4919 | steps_t:     0 | t: 19.040724 | r:  -430.000000 | e:   1.000000 | Q:        nan | won: False 
#   80 | steps:  4986 | steps_t:     0 | t: 19.333332 | r:  -500.000000 | e:   1.000000 | Q:        nan | won: False 
#   81 | steps:  5081 | steps_t:    80 | t: 23.890186 | r:  -352.000000 | e:   0.992000 | Q:        nan | won: False 
#   82 | steps:  5171 | steps_t:   169 | t: 28.167690 | r:  -457.000000 | e:   0.983100 | Q:        nan | won: False 
#   83 | steps:  5261 | steps_t:   258 | t: 32.853050 | r:  -369.000000 | e:   0.974200 | Q: -34.590385 | won: False 
#   84 | steps:  5276 | steps_t:   272 | t: 33.607589 | r:  -481.000000 | e:   0.972800 | Q:        nan | won: False 
#   85 | steps:  5305 | steps_t:   300 | t: 34.837227 | r:  -484.000000 | e:   0.970000 | Q: -69.190819 | won: False 
#   86 | steps:  5351 | steps_t:   345 | t: 36.827164 | r:  -424.000000 | e:   0.965500 | Q: -50.458981 | won: False 
#   87 | steps:  5463 | steps_t:   456 | t: 41.669540 | r:  -303.000000 | e:   0.954400 | Q: -55.947002 | won: False 
#   88 | steps:  5549 | steps_t:   541 | t: 45.369887 | r:  -398.000000 | e:   0.945900 | Q: -40.996124 | won: False 
#   89 | steps:  5683 | steps_t:   674 | t: 51.768155 | r:  -413.000000 | e:   0.932600 | Q: -42.083366 | won: False 
#   90 | steps:  5703 | steps_t:   693 | t: 52.744980 | r:  -431.000000 | e:   0.930700 | Q: -77.724098 | won: False 
#   91 | steps:  5763 | steps_t:   752 | t: 78.253218 | r:  -449.000000 | e:   0.924800 | Q: -56.944439 | won: False 
